build/outputs/logs/manifest-merger-debug-report.txt
-- Merging decision tree log ---
manifest
ADDED from src\main\AndroidManifest.xml:1:1-51:12
	package
		ADDED from src\main\AndroidManifest.xml:2:5-36
	android:versionName
		ADDED from src\main\AndroidManifest.xml:4:5-30
		INJECTED from src\main\AndroidManifest.xml
		INJECTED from src\main\AndroidManifest.xml
	android:versionCode
		ADDED from src\main\AndroidManifest.xml:3:5-28
		INJECTED from src\main\AndroidManifest.xml
		INJECTED from src\main\AndroidManifest.xml
	xmlns:android
		ADDED from src\main\AndroidManifest.xml:1:11-69
uses-permission#android.permission.INTERNET
ADDED from src\main\AndroidManifest.xml:6:5-67
	android:name
		ADDED from src\main\AndroidManifest.xml:6:22-64
uses-permission#android.permission.WRITE_EXTERNAL_STORAGE
ADDED from src\main\AndroidManifest.xml:7:5-81
	android:name
		ADDED from src\main\AndroidManifest.xml:7:22-78
uses-permission#android.permission.BROADCAST_STICKY
ADDED from src\main\AndroidManifest.xml:8:5-75
	android:name
		ADDED from src\main\AndroidManifest.xml:8:22-72
uses-permission#android.permission.ACCESS_NETWORK_STATE
ADDED from src\main\AndroidManifest.xml:9:5-79
	android:name
		ADDED from src\main\AndroidManifest.xml:9:22-76
application
ADDED from src\main\AndroidManifest.xml:11:5-49:19
MERGED from [com.android.support:support-v13:22.2.0] AndroidManifest.xml:22:5-20
MERGED from [com.android.support:palette-v7:22.2.0] AndroidManifest.xml:22:5-23:19
MERGED from [com.android.support:cardview-v7:22.2.0] AndroidManifest.xml:22:5-20
MERGED from [com.android.support:design:22.2.0] AndroidManifest.xml:22:5-20
MERGED from [com.android.support:appcompat-v7:22.2.0] AndroidManifest.xml:22:5-20
MERGED from [com.android.support:support-v4:22.2.0] AndroidManifest.xml:22:5-20
	android:label
		ADDED from src\main\AndroidManifest.xml:14:9-41
	android:allowBackup
		ADDED from src\main\AndroidManifest.xml:12:9-35
	android:icon
		ADDED from src\main\AndroidManifest.xml:13:9-43
	android:theme
		ADDED from src\main\AndroidManifest.xml:16:9-64
	android:name
		ADDED from src\main\AndroidManifest.xml:15:9-48
activity#com.example.xyzreader.ui.ArticleListActivity
ADDED from src\main\AndroidManifest.xml:18:9-26:20
	android:label
		ADDED from src\main\AndroidManifest.xml:20:13-45
	android:theme
		ADDED from src\main\AndroidManifest.xml:21:13-86
	android:name
		ADDED from src\main\AndroidManifest.xml:19:13-51
intent-filter#android.intent.action.MAIN+android.intent.category.LAUNCHER
ADDED from src\main\AndroidManifest.xml:22:13-25:29
action#android.intent.action.MAIN
ADDED from src\main\AndroidManifest.xml:23:17-69
	android:name
		ADDED from src\main\AndroidManifest.xml:23:25-66
category#android.intent.category.LAUNCHER
ADDED from src\main\AndroidManifest.xml:24:17-77
	android:name
		ADDED from src\main\AndroidManifest.xml:24:27-74
activity#com.example.xyzreader.ui.ArticleDetailActivity
ADDED from src\main\AndroidManifest.xml:28:9-40:20
	android:parentActivityName
		ADDED from src\main\AndroidManifest.xml:30:13-65
	android:theme
		ADDED from src\main\AndroidManifest.xml:31:13-86
	android:name
		ADDED from src\main\AndroidManifest.xml:29:13-53
intent-filter#android.intent.action.VIEW+android.intent.category.DEFAULT
ADDED from src\main\AndroidManifest.xml:32:13-36:29
action#android.intent.action.VIEW
ADDED from src\main\AndroidManifest.xml:33:17-69
	android:name
		ADDED from src\main\AndroidManifest.xml:33:25-66
category#android.intent.category.DEFAULT
ADDED from src\main\AndroidManifest.xml:34:17-76
	android:name
		ADDED from src\main\AndroidManifest.xml:34:27-73
data
ADDED from src\main\AndroidManifest.xml:35:17-100
	android:mimeType
		ADDED from src\main\AndroidManifest.xml:35:23-97
meta-data#android.support.PARENT_ACTIVITY
ADDED from src\main\AndroidManifest.xml:37:13-39:59
	android:value
		ADDED from src\main\AndroidManifest.xml:39:17-56
	android:name
		ADDED from src\main\AndroidManifest.xml:38:17-63
service#com.example.xyzreader.data.UpdaterService
ADDED from src\main\AndroidManifest.xml:42:9-43:40
	android:exported
		ADDED from src\main\AndroidManifest.xml:43:13-37
	android:name
		ADDED from src\main\AndroidManifest.xml:42:18-53
provider#com.example.xyzreader.data.ItemsProvider
ADDED from src\main\AndroidManifest.xml:45:9-47:40
	android:authorities
		ADDED from src\main\AndroidManifest.xml:46:13-56
	android:exported
		ADDED from src\main\AndroidManifest.xml:47:13-37
	android:name
		ADDED from src\main\AndroidManifest.xml:45:19-53
uses-sdk
INJECTED from src\main\AndroidManifest.xml reason: use-sdk injection requested
MERGED from [com.android.support:support-v13:22.2.0] AndroidManifest.xml:20:5-44
MERGED from [com.android.support:palette-v7:22.2.0] AndroidManifest.xml:20:5-43
MERGED from [com.android.support:recyclerview-v7:22.2.0] AndroidManifest.xml:20:5-43
MERGED from [com.android.support:cardview-v7:22.2.0] AndroidManifest.xml:20:5-43
MERGED from [com.android.support:design:22.2.0] AndroidManifest.xml:20:5-43
MERGED from [com.android.support:appcompat-v7:22.2.0] AndroidManifest.xml:20:5-43
MERGED from [com.android.support:support-v4:22.2.0] AndroidManifest.xml:20:5-43
	android:targetSdkVersion
		INJECTED from src\main\AndroidManifest.xml
		INJECTED from src\main\AndroidManifest.xml
	android:minSdkVersion
		INJECTED from src\main\AndroidManifest.xml
		INJECTED from src\main\AndroidManifest.xml